# JRE version: Java(TM) SE Runtime Environment (15.0.1+9) (build 15.0.1+9-18)
# Java VM: Java HotSpot(TM) 64-Bit Server VM (15.0.1+9-18, mixed mode, sharing, tiered, compressed oops, g1 gc, windows-amd64)
GC Precious Log:
 CPUs: 4 total, 4 available
 Memory: 6379M
 Large Page Support: Disabled
 NUMA Support: Disabled
 Compressed Oops: Enabled (32-bit)
 Heap Region Size: 1M
 Heap Min Capacity: 8M
 Heap Initial Capacity: 100M
 Heap Max Capacity: 1596M
 Pre-touch: Disabled
 Parallel Workers: 4
 Concurrent Workers: 1
 Concurrent Refinement Workers: 4
 Periodic GC: Disabled
Heap:
 garbage-first heap   total 102400K, used 20905K [0x000000009c400000, 0x0000000100000000)
  region size 1024K, 15 young (15360K), 4 survivors (4096K)
 Metaspace       used 15813K, capacity 16040K, committed 16256K, reserved 1062912K
  class space    used 2099K, capacity 2168K, committed 2176K, reserved 1048576K
GC Heap History (6 events):
Event: 1.868 GC heap before
{Heap before GC invocations=0 (full 0):
 garbage-first heap   total 102400K, used 12288K [0x000000009c400000, 0x0000000100000000)
  region size 1024K, 13 young (13312K), 0 survivors (0K)
 Metaspace       used 4061K, capacity 6262K, committed 6272K, reserved 1056768K
  class space    used 395K, capacity 632K, committed 640K, reserved 1048576K
}
Event: 1.878 GC heap after
{Heap after GC invocations=1 (full 0):
 garbage-first heap   total 102400K, used 2652K [0x000000009c400000, 0x0000000100000000)
  region size 1024K, 2 young (2048K), 2 survivors (2048K)
 Metaspace       used 4061K, capacity 6262K, committed 6272K, reserved 1056768K
  class space    used 395K, capacity 632K, committed 640K, reserved 1048576K
}
Event: 2.358 GC heap before
{Heap before GC invocations=1 (full 0):
 garbage-first heap   total 102400K, used 16988K [0x000000009c400000, 0x0000000100000000)
  region size 1024K, 17 young (17408K), 2 survivors (2048K)
 Metaspace       used 9202K, capacity 10115K, committed 10240K, reserved 1058816K
  class space    used 1116K, capacity 1230K, committed 1280K, reserved 1048576K
}
Event: 2.363 GC heap after
{Heap after GC invocations=2 (full 0):
 garbage-first heap   total 102400K, used 5193K [0x000000009c400000, 0x0000000100000000)
  region size 1024K, 3 young (3072K), 3 survivors (3072K)
 Metaspace       used 9202K, capacity 10115K, committed 10240K, reserved 1058816K
  class space    used 1116K, capacity 1230K, committed 1280K, reserved 1048576K
}
Event: 3.511 GC heap before
{Heap before GC invocations=2 (full 0):
 garbage-first heap   total 102400K, used 28745K [0x000000009c400000, 0x0000000100000000)
  region size 1024K, 26 young (26624K), 3 survivors (3072K)
 Metaspace       used 13297K, capacity 13584K, committed 13696K, reserved 1060864K
  class space    used 1783K, capacity 1863K, committed 1920K, reserved 1048576K
}
Event: 3.518 GC heap after
{Heap after GC invocations=3 (full 0):
 garbage-first heap   total 102400K, used 8617K [0x000000009c400000, 0x0000000100000000)
  region size 1024K, 4 young (4096K), 4 survivors (4096K)
 Metaspace       used 13297K, capacity 13584K, committed 13696K, reserved 1060864K
  class space    used 1783K, capacity 1863K, committed 1920K, reserved 1048576K
}

