# JRE version: Java(TM) SE Runtime Environment (15.0.1+9) (build 15.0.1+9-18)
# Java VM: Java HotSpot(TM) 64-Bit Server VM (15.0.1+9-18, mixed mode, sharing, tiered, compressed oops, g1 gc, windows-amd64)
GC Precious Log:
 CPUs: 4 total, 4 available
 Memory: 6379M
 Large Page Support: Disabled
 NUMA Support: Disabled
 Compressed Oops: Enabled (32-bit)
 Heap Region Size: 1M
 Heap Min Capacity: 8M
 Heap Initial Capacity: 100M
 Heap Max Capacity: 1596M
 Pre-touch: Disabled
 Parallel Workers: 4
 Concurrent Workers: 1
 Concurrent Refinement Workers: 4
 Periodic GC: Disabled
Heap:
 garbage-first heap   total 102400K, used 20371K [0x000000009c400000, 0x0000000100000000)
  region size 1024K, 15 young (15360K), 3 survivors (3072K)
 Metaspace       used 15861K, capacity 16078K, committed 16384K, reserved 1062912K
  class space    used 2108K, capacity 2202K, committed 2304K, reserved 1048576K
GC Heap History (6 events):
Event: 1.695 GC heap before
{Heap before GC invocations=0 (full 0):
 garbage-first heap   total 102400K, used 12288K [0x000000009c400000, 0x0000000100000000)
  region size 1024K, 13 young (13312K), 0 survivors (0K)
 Metaspace       used 4050K, capacity 6268K, committed 6528K, reserved 1056768K
  class space    used 395K, capacity 634K, committed 640K, reserved 1048576K
}
Event: 1.705 GC heap after
{Heap after GC invocations=1 (full 0):
 garbage-first heap   total 102400K, used 2655K [0x000000009c400000, 0x0000000100000000)
  region size 1024K, 2 young (2048K), 2 survivors (2048K)
 Metaspace       used 4050K, capacity 6268K, committed 6528K, reserved 1056768K
  class space    used 395K, capacity 634K, committed 640K, reserved 1048576K
}
Event: 2.582 GC heap before
{Heap before GC invocations=1 (full 0):
 garbage-first heap   total 102400K, used 16991K [0x000000009c400000, 0x0000000100000000)
  region size 1024K, 17 young (17408K), 2 survivors (2048K)
 Metaspace       used 9196K, capacity 10122K, committed 10240K, reserved 1058816K
  class space    used 1117K, capacity 1232K, committed 1280K, reserved 1048576K
}
Event: 2.589 GC heap after
{Heap after GC invocations=2 (full 0):
 garbage-first heap   total 102400K, used 5651K [0x000000009c400000, 0x0000000100000000)
  region size 1024K, 3 young (3072K), 3 survivors (3072K)
 Metaspace       used 9196K, capacity 10122K, committed 10240K, reserved 1058816K
  class space    used 1117K, capacity 1232K, committed 1280K, reserved 1048576K
}
Event: 3.735 GC heap before
{Heap before GC invocations=2 (full 0):
 garbage-first heap   total 102400K, used 27155K [0x000000009c400000, 0x0000000100000000)
  region size 1024K, 25 young (25600K), 3 survivors (3072K)
 Metaspace       used 13281K, capacity 13526K, committed 13696K, reserved 1060864K
  class space    used 1787K, capacity 1865K, committed 1920K, reserved 1048576K
}
Event: 3.742 GC heap after
{Heap after GC invocations=3 (full 0):
 garbage-first heap   total 102400K, used 8083K [0x000000009c400000, 0x0000000100000000)
  region size 1024K, 3 young (3072K), 3 survivors (3072K)
 Metaspace       used 13281K, capacity 13526K, committed 13696K, reserved 1060864K
  class space    used 1787K, capacity 1865K, committed 1920K, reserved 1048576K
}

